<?xml version="1.0" encoding="UTF-8"?>
<testsuite name="com.jojoldu.book.springBoot.web.PostsApiControllerTest" tests="2" skipped="0" failures="0" errors="0" timestamp="2022-11-06T21:14:48" hostname="LAPTOP-EOJGURCA" time="0.179">
  <properties/>
  <testcase name="Posts_등록된다()" classname="com.jojoldu.book.springBoot.web.PostsApiControllerTest" time="0.143"/>
  <testcase name="Posts_수정된다()" classname="com.jojoldu.book.springBoot.web.PostsApiControllerTest" time="0.035"/>
  <system-out><![CDATA[2022-11-07 06:14:48.786  INFO 34608 --- [    Test worker] .b.t.c.SpringBootTestContextBootstrapper : Neither @ContextConfiguration nor @ContextHierarchy found for test class [com.jojoldu.book.springBoot.web.PostsApiControllerTest], using SpringBootContextLoader
2022-11-07 06:14:48.789  INFO 34608 --- [    Test worker] o.s.t.c.support.AbstractContextLoader    : Could not detect default resource locations for test class [com.jojoldu.book.springBoot.web.PostsApiControllerTest]: no resource found for suffixes {-context.xml, Context.groovy}.
2022-11-07 06:14:48.789  INFO 34608 --- [    Test worker] t.c.s.AnnotationConfigContextLoaderUtils : Could not detect default configuration classes for test class [com.jojoldu.book.springBoot.web.PostsApiControllerTest]: PostsApiControllerTest does not declare any static, non-private, non-final, nested classes annotated with @Configuration.
2022-11-07 06:14:48.791  INFO 34608 --- [    Test worker] .b.t.c.SpringBootTestContextBootstrapper : Found @SpringBootConfiguration com.jojoldu.book.springboot.Application for test class com.jojoldu.book.springBoot.web.PostsApiControllerTest
2022-11-07 06:14:48.794  INFO 34608 --- [    Test worker] .b.t.c.SpringBootTestContextBootstrapper : Loaded default TestExecutionListener class names from location [META-INF/spring.factories]: [org.springframework.security.test.context.support.WithSecurityContextTestExecutionListener, org.springframework.security.test.context.support.ReactorContextTestExecutionListener, org.springframework.boot.test.autoconfigure.restdocs.RestDocsTestExecutionListener, org.springframework.boot.test.autoconfigure.web.client.MockRestServiceServerResetTestExecutionListener, org.springframework.boot.test.autoconfigure.web.servlet.MockMvcPrintOnlyOnFailureTestExecutionListener, org.springframework.boot.test.autoconfigure.web.servlet.WebDriverTestExecutionListener, org.springframework.boot.test.autoconfigure.webservices.client.MockWebServiceServerTestExecutionListener, org.springframework.boot.test.mock.mockito.MockitoTestExecutionListener, org.springframework.boot.test.mock.mockito.ResetMocksTestExecutionListener, org.springframework.test.context.web.ServletTestExecutionListener, org.springframework.test.context.support.DirtiesContextBeforeModesTestExecutionListener, org.springframework.test.context.event.ApplicationEventsTestExecutionListener, org.springframework.test.context.support.DependencyInjectionTestExecutionListener, org.springframework.test.context.support.DirtiesContextTestExecutionListener, org.springframework.test.context.transaction.TransactionalTestExecutionListener, org.springframework.test.context.jdbc.SqlScriptsTestExecutionListener, org.springframework.test.context.event.EventPublishingTestExecutionListener]
2022-11-07 06:14:48.798  INFO 34608 --- [    Test worker] .b.t.c.SpringBootTestContextBootstrapper : Using TestExecutionListeners: [org.springframework.test.context.web.ServletTestExecutionListener@49faf815, org.springframework.test.context.support.DirtiesContextBeforeModesTestExecutionListener@3006aef5, org.springframework.test.context.event.ApplicationEventsTestExecutionListener@16257f8c, org.springframework.boot.test.mock.mockito.MockitoTestExecutionListener@62158618, org.springframework.boot.test.autoconfigure.SpringBootDependencyInjectionTestExecutionListener@7c31e01f, org.springframework.test.context.support.DirtiesContextTestExecutionListener@7945986a, org.springframework.test.context.transaction.TransactionalTestExecutionListener@442151d1, org.springframework.test.context.jdbc.SqlScriptsTestExecutionListener@aca2a0b, org.springframework.security.test.context.support.WithSecurityContextTestExecutionListener@79080255, org.springframework.test.context.event.EventPublishingTestExecutionListener@2cdb53d6, org.springframework.security.test.context.support.ReactorContextTestExecutionListener@62ba3045, org.springframework.boot.test.autoconfigure.restdocs.RestDocsTestExecutionListener@397bd46b, org.springframework.boot.test.autoconfigure.web.client.MockRestServiceServerResetTestExecutionListener@d863bb, org.springframework.boot.test.autoconfigure.web.servlet.MockMvcPrintOnlyOnFailureTestExecutionListener@76ebd595, org.springframework.boot.test.autoconfigure.web.servlet.WebDriverTestExecutionListener@4560eb15, org.springframework.boot.test.autoconfigure.webservices.client.MockWebServiceServerTestExecutionListener@225fb75e, org.springframework.boot.test.mock.mockito.ResetMocksTestExecutionListener@61d9dd15]
2022-11-07 06:14:48.825  INFO 34608 --- [    Test worker] o.a.c.c.C.[Tomcat].[localhost].[/]       : Initializing Spring TestDispatcherServlet ''
2022-11-07 06:14:48.825  INFO 34608 --- [    Test worker] o.s.t.web.servlet.TestDispatcherServlet  : Initializing Servlet ''
2022-11-07 06:14:48.826  INFO 34608 --- [    Test worker] o.s.t.web.servlet.TestDispatcherServlet  : Completed initialization in 1 ms
Hibernate: insert into posts (created_date, modified_date, author, content, title) values (?, ?, ?, ?, ?)
Hibernate: select posts0_.id as id1_0_, posts0_.created_date as created_2_0_, posts0_.modified_date as modified3_0_, posts0_.author as author4_0_, posts0_.content as content5_0_, posts0_.title as title6_0_ from posts posts0_
Hibernate: select posts0_.id as id1_0_, posts0_.created_date as created_2_0_, posts0_.modified_date as modified3_0_, posts0_.author as author4_0_, posts0_.content as content5_0_, posts0_.title as title6_0_ from posts posts0_
Hibernate: delete from posts where id=?
2022-11-07 06:14:48.957  INFO 34608 --- [    Test worker] o.a.c.c.C.[Tomcat].[localhost].[/]       : Initializing Spring TestDispatcherServlet ''
2022-11-07 06:14:48.957  INFO 34608 --- [    Test worker] o.s.t.web.servlet.TestDispatcherServlet  : Initializing Servlet ''
2022-11-07 06:14:48.958  INFO 34608 --- [    Test worker] o.s.t.web.servlet.TestDispatcherServlet  : Completed initialization in 1 ms
Hibernate: insert into posts (created_date, modified_date, author, content, title) values (?, ?, ?, ?, ?)
Hibernate: select posts0_.id as id1_0_0_, posts0_.created_date as created_2_0_0_, posts0_.modified_date as modified3_0_0_, posts0_.author as author4_0_0_, posts0_.content as content5_0_0_, posts0_.title as title6_0_0_ from posts posts0_ where posts0_.id=?
Hibernate: update posts set created_date=?, modified_date=?, author=?, content=?, title=? where id=?
Hibernate: select posts0_.id as id1_0_, posts0_.created_date as created_2_0_, posts0_.modified_date as modified3_0_, posts0_.author as author4_0_, posts0_.content as content5_0_, posts0_.title as title6_0_ from posts posts0_
Hibernate: select posts0_.id as id1_0_, posts0_.created_date as created_2_0_, posts0_.modified_date as modified3_0_, posts0_.author as author4_0_, posts0_.content as content5_0_, posts0_.title as title6_0_ from posts posts0_
Hibernate: delete from posts where id=?
]]></system-out>
  <system-err><![CDATA[]]></system-err>
</testsuite>
