<?xml version="1.0" encoding="UTF-8"?>
<testsuite name="com.jojoldu.book.springBoot.domain.posts.PostsValidationTest" tests="1" skipped="0" failures="0" errors="0" timestamp="2022-11-06T21:14:36" hostname="LAPTOP-EOJGURCA" time="0.13">
  <properties/>
  <testcase name="Posts등록_title빈값이면_실패한다()" classname="com.jojoldu.book.springBoot.domain.posts.PostsValidationTest" time="0.13"/>
  <system-out><![CDATA[2022-11-07 06:14:36.597  INFO 34608 --- [    Test worker] .b.t.c.SpringBootTestContextBootstrapper : Neither @ContextConfiguration nor @ContextHierarchy found for test class [com.jojoldu.book.springBoot.domain.posts.PostsValidationTest], using SpringBootContextLoader
2022-11-07 06:14:36.599  INFO 34608 --- [    Test worker] o.s.t.c.support.AbstractContextLoader    : Could not detect default resource locations for test class [com.jojoldu.book.springBoot.domain.posts.PostsValidationTest]: no resource found for suffixes {-context.xml, Context.groovy}.
2022-11-07 06:14:36.600  INFO 34608 --- [    Test worker] t.c.s.AnnotationConfigContextLoaderUtils : Could not detect default configuration classes for test class [com.jojoldu.book.springBoot.domain.posts.PostsValidationTest]: PostsValidationTest does not declare any static, non-private, non-final, nested classes annotated with @Configuration.
2022-11-07 06:14:36.602  INFO 34608 --- [    Test worker] .b.t.c.SpringBootTestContextBootstrapper : Found @SpringBootConfiguration com.jojoldu.book.springboot.Application for test class com.jojoldu.book.springBoot.domain.posts.PostsValidationTest
2022-11-07 06:14:36.616  INFO 34608 --- [    Test worker] .b.t.c.SpringBootTestContextBootstrapper : Loaded default TestExecutionListener class names from location [META-INF/spring.factories]: [org.springframework.security.test.context.support.WithSecurityContextTestExecutionListener, org.springframework.security.test.context.support.ReactorContextTestExecutionListener, org.springframework.boot.test.autoconfigure.restdocs.RestDocsTestExecutionListener, org.springframework.boot.test.autoconfigure.web.client.MockRestServiceServerResetTestExecutionListener, org.springframework.boot.test.autoconfigure.web.servlet.MockMvcPrintOnlyOnFailureTestExecutionListener, org.springframework.boot.test.autoconfigure.web.servlet.WebDriverTestExecutionListener, org.springframework.boot.test.autoconfigure.webservices.client.MockWebServiceServerTestExecutionListener, org.springframework.boot.test.mock.mockito.MockitoTestExecutionListener, org.springframework.boot.test.mock.mockito.ResetMocksTestExecutionListener, org.springframework.test.context.web.ServletTestExecutionListener, org.springframework.test.context.support.DirtiesContextBeforeModesTestExecutionListener, org.springframework.test.context.event.ApplicationEventsTestExecutionListener, org.springframework.test.context.support.DependencyInjectionTestExecutionListener, org.springframework.test.context.support.DirtiesContextTestExecutionListener, org.springframework.test.context.transaction.TransactionalTestExecutionListener, org.springframework.test.context.jdbc.SqlScriptsTestExecutionListener, org.springframework.test.context.event.EventPublishingTestExecutionListener]
2022-11-07 06:14:36.619  INFO 34608 --- [    Test worker] .b.t.c.SpringBootTestContextBootstrapper : Using TestExecutionListeners: [org.springframework.test.context.web.ServletTestExecutionListener@758d0555, org.springframework.test.context.support.DirtiesContextBeforeModesTestExecutionListener@48788853, org.springframework.test.context.event.ApplicationEventsTestExecutionListener@4ac77269, org.springframework.boot.test.mock.mockito.MockitoTestExecutionListener@638d624a, org.springframework.boot.test.autoconfigure.SpringBootDependencyInjectionTestExecutionListener@7eb774c3, org.springframework.test.context.support.DirtiesContextTestExecutionListener@72015156, org.springframework.test.context.transaction.TransactionalTestExecutionListener@3a42145, org.springframework.test.context.jdbc.SqlScriptsTestExecutionListener@bb38c49, org.springframework.security.test.context.support.WithSecurityContextTestExecutionListener@4e67e090, org.springframework.test.context.event.EventPublishingTestExecutionListener@361483eb, org.springframework.security.test.context.support.ReactorContextTestExecutionListener@14983265, org.springframework.boot.test.autoconfigure.restdocs.RestDocsTestExecutionListener@35e357b, org.springframework.boot.test.autoconfigure.web.client.MockRestServiceServerResetTestExecutionListener@724c26e0, org.springframework.boot.test.autoconfigure.web.servlet.MockMvcPrintOnlyOnFailureTestExecutionListener@6055e899, org.springframework.boot.test.autoconfigure.web.servlet.WebDriverTestExecutionListener@350be5ec, org.springframework.boot.test.autoconfigure.webservices.client.MockWebServiceServerTestExecutionListener@478cebdb, org.springframework.boot.test.mock.mockito.ResetMocksTestExecutionListener@5464aeec]
]]></system-out>
  <system-err><![CDATA[]]></system-err>
</testsuite>
